<?xml version="1.0" encoding="UTF-8"?>
<!-- Generated by org.testng.reporters.JUnitReportReporter -->
<testsuite skipped="0" hostname="DESKTOP-429DH4S" name="tests.TravelCarsTest" tests="3" failures="0" timestamp="2019-12-11T23:11:34 CET" time="8.938" errors="0">
  <testcase name="TravelsCars" time="8.522" classname="tests.TravelCarsTest"/>
  <testcase name="CarsName" time="0.059" classname="tests.TravelCarsTest"/>
  <testcase name="CarsOrder" time="0.357" classname="tests.TravelCarsTest"/>
</testsuite> <!-- tests.TravelCarsTest -->
