<?xml version="1.0" encoding="UTF-8"?>
<!-- Generated by org.testng.reporters.JUnitReportReporter -->
<testsuite skipped="0" hostname="DESKTOP-429DH4S" name="tests.MenuTest" tests="7" failures="0" timestamp="2019-12-12T09:14:44 CET" time="65.523" errors="0">
  <testcase name="clickDashboard" time="17.944" classname="tests.MenuTest"/>
  <testcase name="clickUpdate" time="8.685" classname="tests.MenuTest"/>
  <testcase name="clickModules" time="6.910" classname="tests.MenuTest"/>
  <testcase name="clickTours" time="10.135" classname="tests.MenuTest"/>
  <testcase name="clickCoupons" time="7.459" classname="tests.MenuTest"/>
  <testcase name="clickNewsletter" time="7.198" classname="tests.MenuTest"/>
  <testcase name="clickBooking" time="7.192" classname="tests.MenuTest"/>
</testsuite> <!-- tests.MenuTest -->
