<?xml version="1.0" encoding="UTF-8"?>
<!-- Generated by org.testng.reporters.JUnitReportReporter -->
<testsuite skipped="0" hostname="DESKTOP-429DH4S" name="tests.ExcelTest" tests="1" failures="0" timestamp="2019-12-09T18:35:25 CET" time="47.619" errors="0">
  <testcase name="LoginExcell" time="47.619" classname="tests.ExcelTest"/>
</testsuite> <!-- tests.ExcelTest -->
