<?xml version="1.0" encoding="UTF-8"?>
<!-- Generated by org.testng.reporters.JUnitReportReporter -->
<testsuite skipped="0" hostname="DESKTOP-429DH4S" name="tests.ExtrasTest" tests="1" failures="0" timestamp="2019-12-12T09:21:01 CET" time="36.741" errors="0">
  <testcase name="Extras" time="36.741" classname="tests.ExtrasTest"/>
</testsuite> <!-- tests.ExtrasTest -->
