<?xml version="1.0" encoding="UTF-8"?>
<!-- Generated by org.testng.reporters.JUnitReportReporter -->
<testsuite skipped="0" hostname="DESKTOP-429DH4S" name="tests.CarsExtrasTest" tests="1" failures="0" timestamp="2019-12-12T00:48:38 CET" time="26.380" errors="0">
  <testcase name="Extras" time="26.380" classname="tests.CarsExtrasTest"/>
</testsuite> <!-- tests.CarsExtrasTest -->
