<?xml version="1.0" encoding="UTF-8"?>
<!-- Generated by org.testng.reporters.JUnitReportReporter -->
<testsuite skipped="0" hostname="DESKTOP-429DH4S" name="tests.TravelsMenuTest" tests="7" failures="0" timestamp="2019-12-11T23:25:30 CET" time="56.421" errors="0">
  <testcase name="clickDashboard" time="12.663" classname="tests.TravelsMenuTest"/>
  <testcase name="clickUpdate" time="6.631" classname="tests.TravelsMenuTest"/>
  <testcase name="clickModules" time="6.649" classname="tests.TravelsMenuTest"/>
  <testcase name="clickTours" time="10.267" classname="tests.TravelsMenuTest"/>
  <testcase name="clickCoupons" time="6.929" classname="tests.TravelsMenuTest"/>
  <testcase name="clickNewsletter" time="6.863" classname="tests.TravelsMenuTest"/>
  <testcase name="clickBooking" time="6.419" classname="tests.TravelsMenuTest"/>
</testsuite> <!-- tests.TravelsMenuTest -->
