<?xml version="1.0" encoding="UTF-8"?>
<!-- Generated by org.testng.reporters.JUnitReportReporter -->
<testsuite skipped="0" hostname="DESKTOP-429DH4S" name="tests.CustomerTest" tests="1" failures="0" timestamp="2019-12-12T01:02:11 CET" time="32.231" errors="0">
  <testcase name="Customer" time="32.231" classname="tests.CustomerTest"/>
</testsuite> <!-- tests.CustomerTest -->
