<?xml version="1.0" encoding="UTF-8"?>
<!-- Generated by org.testng.reporters.JUnitReportReporter -->
<testsuite skipped="0" hostname="DESKTOP-429DH4S" name="tests.CarsTest" tests="3" failures="0" timestamp="2019-12-12T09:03:32 CET" time="14.131" errors="0">
  <testcase name="TravelsCars" time="13.159" classname="tests.CarsTest"/>
  <testcase name="CarsName" time="0.104" classname="tests.CarsTest"/>
  <testcase name="CarsOrder" time="0.868" classname="tests.CarsTest"/>
</testsuite> <!-- tests.CarsTest -->
